#-----------------------------------------------------------
# Vivado v2020.2 (64-bit)
# SW Build 3064766 on Wed Nov 18 09:12:45 MST 2020
# IP Build 3064653 on Wed Nov 18 14:17:31 MST 2020
# Start of session at: Mon Sep  5 16:41:15 2022
# Process ID: 15640
# Current directory: E:/Vivado/Project_Vitis_HLS/FinalDehaze/solution1/impl/ip
# Command line: vivado.exe -notrace -mode batch -source run_ippack.tcl
# Log file: E:/Vivado/Project_Vitis_HLS/FinalDehaze/solution1/impl/ip/vivado.log
# Journal file: E:/Vivado/Project_Vitis_HLS/FinalDehaze/solution1/impl/ip\vivado.jou
#-----------------------------------------------------------
source run_ippack.tcl -notrace
create_project: Time (s): cpu = 00:00:03 ; elapsed = 00:00:07 . Memory (MB): peak = 1113.180 ; gain = 0.000
INFO: [IP_Flow 19-234] Refreshing IP repositories
INFO: [IP_Flow 19-1704] No user IP repositories specified
INFO: [IP_Flow 19-2313] Loaded Vivado IP repository 'E:/Vivado/Vivado/2020.2/data/ip'.
WARNING: [IP_Flow 19-4832] The IP name 'FinalDehaze_ap_dadd_5_full_dsp_64' you have specified is long. The Windows operating system has path length limitations. It is recommended you use shorter names to reduce the likelihood of issues.
create_ip: Time (s): cpu = 00:00:06 ; elapsed = 00:00:07 . Memory (MB): peak = 1113.180 ; gain = 0.000
INFO: [IP_Flow 19-1686] Generating 'Synthesis' target for IP 'FinalDehaze_ap_dadd_5_full_dsp_64'...
INFO: [IP_Flow 19-1686] Generating 'Simulation' target for IP 'FinalDehaze_ap_dadd_5_full_dsp_64'...
WARNING: [IP_Flow 19-4832] The IP name 'FinalDehaze_ap_dadddsub_5_full_dsp_64' you have specified is long. The Windows operating system has path length limitations. It is recommended you use shorter names to reduce the likelihood of issues.
INFO: [IP_Flow 19-1686] Generating 'Synthesis' target for IP 'FinalDehaze_ap_dadddsub_5_full_dsp_64'...
INFO: [IP_Flow 19-1686] Generating 'Simulation' target for IP 'FinalDehaze_ap_dadddsub_5_full_dsp_64'...
WARNING: [IP_Flow 19-4832] The IP name 'FinalDehaze_ap_dcmp_0_no_dsp_64' you have specified is long. The Windows operating system has path length limitations. It is recommended you use shorter names to reduce the likelihood of issues.
create_ip: Time (s): cpu = 00:00:05 ; elapsed = 00:00:06 . Memory (MB): peak = 1113.180 ; gain = 0.000
INFO: [IP_Flow 19-1686] Generating 'Synthesis' target for IP 'FinalDehaze_ap_dcmp_0_no_dsp_64'...
INFO: [IP_Flow 19-1686] Generating 'Simulation' target for IP 'FinalDehaze_ap_dcmp_0_no_dsp_64'...
WARNING: [IP_Flow 19-4832] The IP name 'FinalDehaze_ap_ddiv_57_no_dsp_64' you have specified is long. The Windows operating system has path length limitations. It is recommended you use shorter names to reduce the likelihood of issues.
create_ip: Time (s): cpu = 00:00:05 ; elapsed = 00:00:05 . Memory (MB): peak = 1113.180 ; gain = 0.000
INFO: [IP_Flow 19-1686] Generating 'Synthesis' target for IP 'FinalDehaze_ap_ddiv_57_no_dsp_64'...
INFO: [IP_Flow 19-1686] Generating 'Simulation' target for IP 'FinalDehaze_ap_ddiv_57_no_dsp_64'...
WARNING: [IP_Flow 19-4832] The IP name 'FinalDehaze_ap_dexp_19_full_dsp_64' you have specified is long. The Windows operating system has path length limitations. It is recommended you use shorter names to reduce the likelihood of issues.
INFO: [IP_Flow 19-1686] Generating 'Synthesis' target for IP 'FinalDehaze_ap_dexp_19_full_dsp_64'...
INFO: [IP_Flow 19-1686] Generating 'Simulation' target for IP 'FinalDehaze_ap_dexp_19_full_dsp_64'...
WARNING: [IP_Flow 19-4832] The IP name 'FinalDehaze_ap_dmul_5_max_dsp_64' you have specified is long. The Windows operating system has path length limitations. It is recommended you use shorter names to reduce the likelihood of issues.
INFO: [IP_Flow 19-1686] Generating 'Synthesis' target for IP 'FinalDehaze_ap_dmul_5_max_dsp_64'...
INFO: [IP_Flow 19-1686] Generating 'Simulation' target for IP 'FinalDehaze_ap_dmul_5_max_dsp_64'...
WARNING: [IP_Flow 19-4832] The IP name 'FinalDehaze_ap_sitodp_4_no_dsp_32' you have specified is long. The Windows operating system has path length limitations. It is recommended you use shorter names to reduce the likelihood of issues.
INFO: [IP_Flow 19-1686] Generating 'Synthesis' target for IP 'FinalDehaze_ap_sitodp_4_no_dsp_32'...
INFO: [IP_Flow 19-1686] Generating 'Simulation' target for IP 'FinalDehaze_ap_sitodp_4_no_dsp_32'...
WARNING: [IP_Flow 19-4832] The IP name 'FinalDehaze_ap_sitodp_4_no_dsp_64' you have specified is long. The Windows operating system has path length limitations. It is recommended you use shorter names to reduce the likelihood of issues.
INFO: [IP_Flow 19-1686] Generating 'Synthesis' target for IP 'FinalDehaze_ap_sitodp_4_no_dsp_64'...
INFO: [IP_Flow 19-1686] Generating 'Simulation' target for IP 'FinalDehaze_ap_sitodp_4_no_dsp_64'...
WARNING: [IP_Flow 19-4832] The IP name 'FinalDehaze_ap_uitodp_4_no_dsp_32' you have specified is long. The Windows operating system has path length limitations. It is recommended you use shorter names to reduce the likelihood of issues.
INFO: [IP_Flow 19-1686] Generating 'Synthesis' target for IP 'FinalDehaze_ap_uitodp_4_no_dsp_32'...
INFO: [IP_Flow 19-1686] Generating 'Simulation' target for IP 'FinalDehaze_ap_uitodp_4_no_dsp_32'...
INFO: [IP_Flow 19-234] Refreshing IP repositories
INFO: [IP_Flow 19-1704] No user IP repositories specified
INFO: [IP_Flow 19-2313] Loaded Vivado IP repository 'E:/Vivado/Vivado/2020.2/data/ip'.
INFO: [Common 17-206] Exiting Vivado at Mon Sep  5 16:42:29 2022...
